<?xml version="1.0" encoding="UTF-8"?>
<testsuite xmlns:xsi="http://www.w3.org/2001/XMLSchema-instance" xsi:noNamespaceSchemaLocation="https://maven.apache.org/surefire/maven-surefire-plugin/xsd/surefire-test-report-3.0.xsd" version="3.0" name="org.example.taskhackathon.TaskHackathonApplicationTests" time="8.622" tests="1" errors="0" skipped="0" failures="0">
  <properties>
[...]
</properties>
  <testcase name="contextLoads" classname="org.example.taskhackathon.TaskHackathonApplicationTests" time="0.694">
    <system-out><![CDATA[01:07:53.792 [main] INFO org.springframework.test.context.support.AnnotationConfigContextLoaderUtils -- Could not detect default configuration classes for test class [org.example.taskhackathon.TaskHackathonApplicationTests]: TaskHackathonApplicationTests does not declare any static, non-private, non-final, nested classes annotated with @Configuration.
01:07:53.929 [main] INFO org.springframework.boot.test.context.SpringBootTestContextBootstrapper -- Found @SpringBootConfiguration org.example.taskhackathon.TaskHackathonApplication for test class org.example.taskhackathon.TaskHackathonApplicationTests

  .   ____          _            __ _ _
 /\\ / ___'_ __ _ _(_)_ __  __ _ \ \ \ \
( ( )\___ | '_ | '_| | '_ \/ _` | \ \ \ \
 \\/  ___)| |_)| | | | | || (_| |  ) ) ) )
  '  |____| .__|_| |_|_| |_\__, | / / / /
 =========|_|==============|___/=/_/_/_/
 :: Spring Boot ::                (v3.2.5)

2024-04-27T01:07:54.465+03:00  INFO 24216 --- [           main] o.e.t.TaskHackathonApplicationTests      : Starting TaskHackathonApplicationTests using Java 21.0.2 with PID 24216 (started by roman in C:\Users\roman\IdeaProjects\NeedAssist\backend)
2024-04-27T01:07:54.466+03:00  INFO 24216 --- [           main] o.e.t.TaskHackathonApplicationTests      : No active profile set, falling back to 1 default profile: "default"
2024-04-27T01:07:55.551+03:00  INFO 24216 --- [           main] .s.d.r.c.RepositoryConfigurationDelegate : Multiple Spring Data modules found, entering strict repository configuration mode
2024-04-27T01:07:55.553+03:00  INFO 24216 --- [           main] .s.d.r.c.RepositoryConfigurationDelegate : Bootstrapping Spring Data JDBC repositories in DEFAULT mode.
2024-04-27T01:07:55.600+03:00  INFO 24216 --- [           main] .RepositoryConfigurationExtensionSupport : Spring Data JDBC - Could not safely identify store assignment for repository candidate interface org.example.taskhackathon.repository.RequestRepository; If you want this repository to be a JDBC repository, consider annotating your entities with one of these annotations: org.springframework.data.relational.core.mapping.Table.
2024-04-27T01:07:55.602+03:00  INFO 24216 --- [           main] .RepositoryConfigurationExtensionSupport : Spring Data JDBC - Could not safely identify store assignment for repository candidate interface org.example.taskhackathon.repository.UserRepository; If you want this repository to be a JDBC repository, consider annotating your entities with one of these annotations: org.springframework.data.relational.core.mapping.Table.
2024-04-27T01:07:55.603+03:00  INFO 24216 --- [           main] .s.d.r.c.RepositoryConfigurationDelegate : Finished Spring Data repository scanning in 41 ms. Found 0 JDBC repository interfaces.
2024-04-27T01:07:55.620+03:00  INFO 24216 --- [           main] .s.d.r.c.RepositoryConfigurationDelegate : Multiple Spring Data modules found, entering strict repository configuration mode
2024-04-27T01:07:55.621+03:00  INFO 24216 --- [           main] .s.d.r.c.RepositoryConfigurationDelegate : Bootstrapping Spring Data JPA repositories in DEFAULT mode.
2024-04-27T01:07:55.662+03:00  INFO 24216 --- [           main] .s.d.r.c.RepositoryConfigurationDelegate : Finished Spring Data repository scanning in 34 ms. Found 2 JPA repository interfaces.
2024-04-27T01:07:56.506+03:00  INFO 24216 --- [           main] o.hibernate.jpa.internal.util.LogHelper  : HHH000204: Processing PersistenceUnitInfo [name: default]
2024-04-27T01:07:56.693+03:00  INFO 24216 --- [           main] org.hibernate.Version                    : HHH000412: Hibernate ORM core version 6.4.4.Final
2024-04-27T01:07:56.745+03:00  INFO 24216 --- [           main] o.h.c.internal.RegionFactoryInitiator    : HHH000026: Second-level cache disabled
2024-04-27T01:07:57.111+03:00  INFO 24216 --- [           main] o.s.o.j.p.SpringPersistenceUnitInfo      : No LoadTimeWeaver setup: ignoring JPA class transformer
2024-04-27T01:07:57.176+03:00  INFO 24216 --- [           main] com.zaxxer.hikari.HikariDataSource       : HikariPool-1 - Starting...
2024-04-27T01:07:57.436+03:00  INFO 24216 --- [           main] com.zaxxer.hikari.pool.HikariPool        : HikariPool-1 - Added connection org.postgresql.jdbc.PgConnection@1d8e9d3e
2024-04-27T01:07:57.439+03:00  INFO 24216 --- [           main] com.zaxxer.hikari.HikariDataSource       : HikariPool-1 - Start completed.
2024-04-27T01:07:58.801+03:00  INFO 24216 --- [           main] o.h.e.t.j.p.i.JtaPlatformInitiator       : HHH000489: No JTA platform available (set 'hibernate.transaction.jta.platform' to enable JTA platform integration)
2024-04-27T01:07:58.876+03:00  INFO 24216 --- [           main] j.LocalContainerEntityManagerFactoryBean : Initialized JPA EntityManagerFactory for persistence unit 'default'
2024-04-27T01:07:59.647+03:00  WARN 24216 --- [           main] JpaBaseConfiguration$JpaWebConfiguration : spring.jpa.open-in-view is enabled by default. Therefore, database queries may be performed during view rendering. Explicitly configure spring.jpa.open-in-view to disable this warning
2024-04-27T01:08:00.640+03:00  INFO 24216 --- [           main] o.s.s.web.DefaultSecurityFilterChain     : Will secure any request with [org.springframework.security.web.session.DisableEncodeUrlFilter@487bc2fe, org.springframework.security.web.context.request.async.WebAsyncManagerIntegrationFilter@58038583, org.springframework.security.web.context.SecurityContextHolderFilter@27ea552d, org.springframework.security.web.header.HeaderWriterFilter@cce672c, org.springframework.security.web.authentication.logout.LogoutFilter@39179470, org.example.taskhackathon.config.JwtTokenFilter@5ac53209, org.springframework.security.web.savedrequest.RequestCacheAwareFilter@742aa00a, org.springframework.security.web.servletapi.SecurityContextHolderAwareRequestFilter@2be208db, org.springframework.security.web.authentication.AnonymousAuthenticationFilter@6491006, org.springframework.security.web.session.SessionManagementFilter@65871cfd, org.springframework.security.web.access.ExceptionTranslationFilter@f9979cf, org.springframework.security.web.access.intercept.AuthorizationFilter@40da1644]
2024-04-27T01:08:01.431+03:00  INFO 24216 --- [           main] o.e.t.TaskHackathonApplicationTests      : Started TaskHackathonApplicationTests in 7.291 seconds (process running for 8.555)
]]></system-out>
    <system-err><![CDATA[WARNING: A Java agent has been loaded dynamically (C:\Users\roman\.m2\repository\net\bytebuddy\byte-buddy-agent\1.14.13\byte-buddy-agent-1.14.13.jar)
WARNING: If a serviceability tool is in use, please run with -XX:+EnableDynamicAgentLoading to hide this warning
WARNING: If a serviceability tool is not in use, please run with -Djdk.instrument.traceUsage for more information
WARNING: Dynamic loading of agents will be disallowed by default in a future release
]]></system-err>
  </testcase>
</testsuite>